[07/05/2021 11:21:19][basico][Acceso a Aplicación]
[07/05/2021 11:22:45][admin][Acceso a Aplicación]
[07/05/2021 11:23:12][admin][INSERT INTO clientes VALUES (null, 'Ñoño', 'Ñoño', '88888802I', 'C/La mua', 'Hombre');]
[07/05/2021 11:25:35][admin][Acceso a Aplicación]
[07/05/2021 11:25:47][admin][DELETE FROM clientes WHERE idCliente = 21;]
[07/05/2021 11:26:57][admin][Acceso a Aplicación]
[07/05/2021 11:27:05][admin][SELECT * FROM clientes;]
[07/05/2021 11:27:12][admin][SELECT * FROM clientes;]
[07/05/2021 11:28:03][basico][Acceso a Aplicación]
[07/05/2021 11:37:51][basico][Acceso a Aplicación]
[07/05/2021 12:41:32][admin][Acceso a Aplicación]
[07/05/2021 12:55:28][admin][Acceso a Aplicación]
[07/05/2021 12:57:01][admin][Acceso a Aplicación]
[07/05/2021 13:13:04][admin][Acceso a Aplicación]
[07/05/2021 13:13:34][admin][INSERT INTO clientes VALUES (null, 'ÑOÑO', 'ÑOÑO', '77777777B', 'C/ Feo', 'Hombre');]
[07/05/2021 13:13:59][admin][UPDATE clientes SET nombreCliente = 'ÑAÑA',apellidosCliente = 'ÑAÑA', dniCliente = '77777777B', direccionCliente = 'C/ Feo', sexoCliente = 'Hombre' WHERE idCliente = 22]
[07/05/2021 13:14:04][admin][SELECT * FROM clientes;]
[10/05/2021 11:32:03][admin][Acceso a Aplicación]
[10/05/2021 11:33:01][admin][SELECT * FROM clientes;]
[10/05/2021 12:06:04][admin][Acceso a Aplicación]
[10/05/2021 12:06:58][admin][Acceso a Aplicación]
[10/05/2021 12:07:36][admin][Acceso a Aplicación]
[10/05/2021 12:08:03][admin][Acceso a Aplicación]
[10/05/2021 12:08:25][admin][Acceso a Aplicación]
[10/05/2021 12:08:44][admin][Acceso a Aplicación]
[10/05/2021 12:09:02][admin][Acceso a Aplicación]
[10/05/2021 12:09:16][admin][Acceso a Aplicación]
[10/05/2021 12:25:37][admin][Acceso a Aplicación]
[10/05/2021 12:26:31][admin][Acceso a Aplicación]
[10/05/2021 12:29:12][admin][Acceso a Aplicación]
[10/05/2021 12:36:08][admin][Acceso a Aplicación]
[10/05/2021 12:37:09][admin][DELETE FROM tratamientos WHERE idTratamiento = 11;]
[10/05/2021 12:37:11][admin][DELETE FROM tratamientos WHERE idTratamiento = 11;]
[10/05/2021 12:37:11][admin][DELETE FROM tratamientos WHERE idTratamiento = 11;]
[10/05/2021 12:37:11][admin][DELETE FROM tratamientos WHERE idTratamiento = 11;]
[10/05/2021 12:37:12][admin][DELETE FROM tratamientos WHERE idTratamiento = 11;]
[10/05/2021 12:37:12][admin][DELETE FROM tratamientos WHERE idTratamiento = 11;]
[10/05/2021 12:37:12][admin][DELETE FROM tratamientos WHERE idTratamiento = 11;]
[10/05/2021 12:37:12][admin][DELETE FROM tratamientos WHERE idTratamiento = 11;]
[10/05/2021 12:37:13][admin][DELETE FROM tratamientos WHERE idTratamiento = 11;]
[10/05/2021 12:37:13][admin][DELETE FROM tratamientos WHERE idTratamiento = 11;]
[10/05/2021 12:37:13][admin][DELETE FROM tratamientos WHERE idTratamiento = 11;]
[10/05/2021 12:37:13][admin][DELETE FROM tratamientos WHERE idTratamiento = 11;]
[10/05/2021 12:37:14][admin][DELETE FROM tratamientos WHERE idTratamiento = 11;]
[10/05/2021 12:37:14][admin][DELETE FROM tratamientos WHERE idTratamiento = 11;]
[10/05/2021 12:37:14][admin][DELETE FROM tratamientos WHERE idTratamiento = 11;]
[10/05/2021 12:37:14][admin][DELETE FROM tratamientos WHERE idTratamiento = 11;]
[10/05/2021 12:37:15][admin][DELETE FROM tratamientos WHERE idTratamiento = 11;]
[10/05/2021 12:37:15][admin][DELETE FROM tratamientos WHERE idTratamiento = 11;]
[10/05/2021 12:37:18][admin][DELETE FROM tratamientos WHERE idTratamiento = 11;]
[10/05/2021 12:37:18][admin][DELETE FROM tratamientos WHERE idTratamiento = 11;]
[10/05/2021 12:37:19][admin][DELETE FROM tratamientos WHERE idTratamiento = 11;]
[10/05/2021 12:39:18][admin][Acceso a Aplicación]
[10/05/2021 12:40:08][admin][Acceso a Aplicación]
[10/05/2021 12:40:25][admin][DELETE FROM tratamientos WHERE idTratamiento = 12;]
[10/05/2021 19:15:58][admin][Acceso a Aplicación]
[10/05/2021 19:16:34][admin][Acceso a Aplicación]
[10/05/2021 19:16:56][admin][Acceso a Aplicación]
[10/05/2021 19:34:48][admin][Acceso a Aplicación]
[10/05/2021 19:53:12][admin][Acceso a Aplicación]
[10/05/2021 19:55:28][admin][Acceso a Aplicación]
[10/05/2021 19:56:22][admin][Acceso a Aplicación]
[10/05/2021 19:56:46][admin][Acceso a Aplicación]
[10/05/2021 20:01:50][admin][Acceso a Aplicación]
[10/05/2021 20:02:40][admin][Acceso a Aplicación]
[10/05/2021 20:25:51][admin][Acceso a Aplicación]
[10/05/2021 20:26:13][admin][Acceso a Aplicación]
[10/05/2021 20:30:08][admin][Acceso a Aplicación]
[10/05/2021 20:30:20][admin][UPDATE clientes SET nombreCliente = 'ÑAÑA',apellidosCliente = 'ÑAÑA', dniCliente = '77777777C', direccionCliente = 'C/ Feo', sexoCliente = 'Hombre' WHERE idCliente = 22]
[10/05/2021 20:36:27][admin][Acceso a Aplicación]
[10/05/2021 20:37:25][admin][Acceso a Aplicación]
[10/05/2021 20:37:39][admin][UPDATE clientes SET nombreCliente = 'ÑAÑA',apellidosCliente = 'ÑAÑA', dniCliente = '77777777B', direccionCliente = 'C/ Feo', sexoCliente = 'Hombre' WHERE idCliente = 22]
[10/05/2021 20:38:13][admin][Acceso a Aplicación]
[10/05/2021 20:38:28][admin][UPDATE clientes SET nombreCliente = 'ÑAÑA',apellidosCliente = 'ÑAÑA', dniCliente = '77777777C', direccionCliente = 'C/ Feo', sexoCliente = 'Hombre' WHERE idCliente = 22]
[10/05/2021 20:50:56][admin][Acceso a Aplicación]
[10/05/2021 20:52:02][admin][Acceso a Aplicación]
[10/05/2021 20:54:39][admin][Acceso a Aplicación]
[10/05/2021 21:04:13][admin][Acceso a Aplicación]
[10/05/2021 21:05:34][admin][Acceso a Aplicación]
[10/05/2021 21:08:49][admin][Acceso a Aplicación]
[10/05/2021 21:09:05][admin][UPDATE tratamientos SET nombreTratamiento = 'Corte Viejos',descripcionTratamiento = 'Personas mayores de 60 años.', precioTratamiento = 4.50 WHERE idTratamiento = 10;]
[11/05/2021 11:12:41][admin][Acceso a Aplicación]
[11/05/2021 11:13:20][admin][SELECT * FROM tratamientos;]
[11/05/2021 11:13:37][admin][SELECT * FROM tratamientos;]
[15/05/2021 11:53:34][admin][Acceso a Aplicación]
[15/05/2021 12:05:36][admin][Acceso a Aplicación]
[15/05/2021 12:13:57][basico][Acceso a Aplicación]
[15/05/2021 12:14:19][basico][INSERT INTO clientes VALUES (null, 'PEDRO', 'PEDOR', '00000092D', 'C/ Pepe Palanca', 'Hombre');]
[15/05/2021 12:15:55][basico][Acceso a Aplicación]
[15/05/2021 12:23:19][basico][Acceso a Aplicación]
[15/05/2021 12:45:37][admin][Acceso a Aplicación]
[15/05/2021 12:45:39][admin][SELECT * FROM citas;]
[15/05/2021 12:45:49][admin][SELECT * FROM citas;]
[15/05/2021 13:08:51][basico][Acceso a Aplicación]
[15/05/2021 13:08:58][basico][INSERT INTO citas VALUES (null, '2021-05-15', '9:00', 23);]
[15/05/2021 13:09:36][basico][Acceso a Aplicación]
[15/05/2021 13:09:44][basico][INSERT INTO citas VALUES (null, '2021-05-15', '9:00', 23);]
[15/05/2021 13:42:09][basico][Acceso a Aplicación]
[15/05/2021 13:42:18][basico][INSERT INTO citas VALUES (null, '2021-05-15', '9:00', 23);]
[15/05/2021 13:42:32][basico][INSERT INTO tratamiento_citas VALUES(null, 52, 1);]
[15/05/2021 13:42:32][basico][select tratamientos.nombreTratamiento from tratamientos, tratamiento_citas where tratamientos.idTratamiento = tratamiento_citas.idTratamientoFK AND idCitaFK = 52 ;]
[15/05/2021 13:42:36][basico][INSERT INTO tratamiento_citas VALUES(null, 52, 4);]
[15/05/2021 13:42:37][basico][select tratamientos.nombreTratamiento from tratamientos, tratamiento_citas where tratamientos.idTratamiento = tratamiento_citas.idTratamientoFK AND idCitaFK = 52 ;]
[15/05/2021 13:54:16][admin][Acceso a Aplicación]
[15/05/2021 13:54:18][admin][SELECT * FROM tratamiento_citas;]
[15/05/2021 13:54:48][admin][SELECT * FROM tratamiento_citas;]
[19/05/2021 18:00:49][basico][Acceso a Aplicación]
[19/05/2021 18:01:17][admin][Acceso a Aplicación]
[19/05/2021 18:01:19][admin][SELECT * FROM clientes;]
[19/05/2021 18:01:34][admin][SELECT * FROM tratamientos;]
[19/05/2021 18:01:37][admin][SELECT * FROM citas;]
[20/05/2021 15:09:25][admin][Acceso a Aplicación]
[20/05/2021 15:09:28][admin][SELECT * FROM clientes;]
[20/05/2021 15:09:31][admin][SELECT * FROM citas;]
[20/05/2021 15:09:40][admin][SELECT * FROM tratamiento_citas;]
[20/05/2021 15:33:23][admin][Acceso a Aplicación]
[20/05/2021 15:33:26][admin][SELECT * FROM citas;]
[20/05/2021 15:34:10][admin][Acceso a Aplicación]
[20/05/2021 15:34:12][admin][select citas.idCita, date_format(citas.fechaCita, "%d-%m-%Y") as 'Fecha',  citas.horaCita as 'Hora', concat(concat(clientes.nombreCliente, ' '), clientes.apellidosCliente) as 'Nombre Clientes'
from citas 
	join clientes on citas.idClienteFK = clientes.idCliente
order by 2;]
[20/05/2021 15:35:45][admin][Acceso a Aplicación]
[20/05/2021 15:35:47][admin][select citas.idCita, date_format(citas.fechaCita, '%d-%m-%Y') as 'Fecha',  citas.horaCita as 'Hora', concat(concat(clientes.nombreCliente, ' '), clientes.apellidosCliente) as 'Nombre Clientes'
from citas 
	join clientes on citas.idClienteFK = clientes.idCliente
order by 2;]
[20/05/2021 15:36:50][admin][Acceso a Aplicación]
[20/05/2021 15:36:52][admin][select citas.idCita, date_format(citas.fechaCita, '%d-%m-%Y') as 'Fecha',  citas.horaCita as 'Hora', concat(concat(clientes.nombreCliente, ' '), clientes.apellidosCliente) as 'Nombre Clientes'
from citas 
	join clientes on citas.idClienteFK = clientes.idCliente
order by 2;]
[20/05/2021 15:37:24][admin][Acceso a Aplicación]
[20/05/2021 15:37:26][admin][select citas.idCita, date_format(citas.fechaCita, '%d-%m-%Y') as 'Fecha',  citas.horaCita as 'Hora', concat(concat(clientes.nombreCliente, ' '), clientes.apellidosCliente) as 'Nombre Clientes'
from citas 
	join clientes on citas.idClienteFK = clientes.idCliente
order by 2;]
[20/05/2021 15:42:16][admin][Acceso a Aplicación]
[20/05/2021 15:42:18][admin][select citas.idCita, date_format(citas.fechaCita, '%d-%m-%Y') as 'Fecha',  citas.horaCita as 'Hora', concat(concat(clientes.nombreCliente, ' '), clientes.apellidosCliente) as 'Nombre Clientes'
from citas 
	join clientes on citas.idClienteFK = clientes.idCliente
order by DATE_FORMAT(citas.fechaCita, '%Y'), DATE_FORMAT(citas.fechaCita, '%m'), DATE_FORMAT(citas.fechaCita, '%d');]
[20/05/2021 15:43:39][admin][SELECT * FROM tratamiento_citas;]
[20/05/2021 17:24:32][admin][SELECT * FROM tratamientos;]
[20/05/2021 17:24:36][admin][SELECT * FROM clientes;]
[20/05/2021 18:07:12][admin][Acceso a Aplicación]
[20/05/2021 18:07:15][admin][SELECT * FROM clientes;]
[20/05/2021 18:07:20][admin][SELECT * FROM clientes;]
[20/05/2021 18:07:35][admin][SELECT * FROM clientes;]
[20/05/2021 18:07:36][admin][SELECT * FROM clientes;]
[20/05/2021 18:15:51][admin][Acceso a Aplicación]
[20/05/2021 18:15:53][admin][SELECT * FROM clientes;]
[20/05/2021 18:15:54][admin][SELECT * FROM clientes;]
[20/05/2021 18:18:13][admin][Acceso a Aplicación]
[20/05/2021 18:18:15][admin][SELECT * FROM clientes;]
[20/05/2021 18:18:16][admin][SELECT * FROM clientes;]
[20/05/2021 18:26:48][admin][Acceso a Aplicación]
[20/05/2021 18:26:50][admin][SELECT * FROM clientes;]
[20/05/2021 18:26:51][admin][SELECT * FROM clientes;]
[20/05/2021 19:15:37][admin][Acceso a Aplicación]
[20/05/2021 19:15:38][admin][SELECT * FROM tratamientos;]
[20/05/2021 19:15:40][admin][SELECT * FROM tratamientos;]
[20/05/2021 19:16:18][admin][Acceso a Aplicación]
[20/05/2021 19:16:19][admin][SELECT * FROM tratamientos;]
[20/05/2021 19:16:20][admin][SELECT * FROM tratamientos;]
[20/05/2021 19:17:37][admin][Acceso a Aplicación]
[20/05/2021 19:17:39][admin][SELECT * FROM tratamientos;]
[20/05/2021 19:17:40][admin][SELECT * FROM tratamientos;]
[20/05/2021 19:18:27][admin][Acceso a Aplicación]
[20/05/2021 19:18:29][admin][SELECT * FROM tratamientos;]
[20/05/2021 19:18:30][admin][SELECT * FROM tratamientos;]
[20/05/2021 19:20:15][admin][Acceso a Aplicación]
[20/05/2021 19:20:17][admin][SELECT * FROM tratamientos;]
[20/05/2021 19:20:18][admin][SELECT * FROM tratamientos;]
[20/05/2021 19:28:43][admin][Acceso a Aplicación]
[20/05/2021 19:28:44][admin][select citas.idCita, date_format(citas.fechaCita, '%d-%m-%Y') as 'Fecha',  citas.horaCita as 'Hora', concat(concat(clientes.nombreCliente, ' '), clientes.apellidosCliente) as 'Nombre Clientes'
from citas 
	join clientes on citas.idClienteFK = clientes.idCliente
order by DATE_FORMAT(citas.fechaCita, '%Y'), DATE_FORMAT(citas.fechaCita, '%m'), DATE_FORMAT(citas.fechaCita, '%d');]
[20/05/2021 19:29:31][admin][Acceso a Aplicación]
[20/05/2021 19:29:33][admin][select citas.idCita, date_format(citas.fechaCita, '%d-%m-%Y') as 'Fecha',  citas.horaCita as 'Hora', concat(concat(clientes.nombreCliente, ' '), clientes.apellidosCliente) as 'Nombre Clientes'
from citas 
	join clientes on citas.idClienteFK = clientes.idCliente
order by DATE_FORMAT(citas.fechaCita, '%Y'), DATE_FORMAT(citas.fechaCita, '%m'), DATE_FORMAT(citas.fechaCita, '%d');]
[20/05/2021 19:29:34][admin][select citas.idCita, date_format(citas.fechaCita, '%d-%m-%Y') as 'Fecha',  citas.horaCita as 'Hora', concat(concat(clientes.nombreCliente, ' '), clientes.apellidosCliente) as 'Nombre Clientes'
from citas 
	join clientes on citas.idClienteFK = clientes.idCliente
order by DATE_FORMAT(citas.fechaCita, '%Y'), DATE_FORMAT(citas.fechaCita, '%m'), DATE_FORMAT(citas.fechaCita, '%d');]
[20/05/2021 19:29:34][admin][Generacion PDF citas]
[20/05/2021 19:34:28][admin][Acceso a Aplicación]
[20/05/2021 19:34:30][admin][select citas.idCita, date_format(citas.fechaCita, '%d-%m-%Y') as 'Fecha',  citas.horaCita as 'Hora', concat(concat(clientes.nombreCliente, ' '), clientes.apellidosCliente) as 'Nombre Clientes'
from citas 
	join clientes on citas.idClienteFK = clientes.idCliente
order by DATE_FORMAT(citas.fechaCita, '%Y'), DATE_FORMAT(citas.fechaCita, '%m'), DATE_FORMAT(citas.fechaCita, '%d');]
[20/05/2021 19:34:31][admin][select citas.idCita as id, date_format(citas.fechaCita, '%d-%m-%Y') as 'Fecha',  citas.horaCita as 'Hora', concat(concat(clientes.nombreCliente, ' '), clientes.apellidosCliente) as 'Nombre Clientes'
from citas 
	join clientes on citas.idClienteFK = clientes.idCliente
order by DATE_FORMAT(citas.fechaCita, '%Y'), DATE_FORMAT(citas.fechaCita, '%m'), DATE_FORMAT(citas.fechaCita, '%d');]
[20/05/2021 19:34:32][admin][Generacion PDF citas]
[28/05/2021 17:47:00][admin][Acceso a Aplicación]
[28/05/2021 18:36:27][admin][Acceso a Aplicación]
[28/05/2021 18:37:11][admin][Acceso a Aplicación]
[28/05/2021 18:38:21][admin][Acceso a Aplicación]
[28/05/2021 18:39:47][admin][Acceso a Aplicación]
[28/05/2021 18:40:36][admin][Acceso a Aplicación]
[28/05/2021 18:43:17][admin][Acceso a Aplicación]
[28/05/2021 18:43:42][admin][DELETE FROM citas WHERE idCita = 12;]
[01/06/2021 12:30:31][admin][Acceso a Aplicación]
[01/06/2021 12:31:50][admin][Acceso a Aplicación]
[01/06/2021 12:33:35][admin][Acceso a Aplicación]
[01/06/2021 12:34:59][admin][Acceso a Aplicación]
[01/06/2021 12:35:27][admin][Acceso a Aplicación]
[01/06/2021 12:36:05][admin][Acceso a Aplicación]
[01/06/2021 12:50:27][admin][Acceso a Aplicación]
[01/06/2021 13:25:22][admin][Acceso a Aplicación]
[01/06/2021 13:25:32][admin][SELECT * FROM tratamiento_citas;]
[01/06/2021 13:25:37][admin][select citas.idCita, date_format(citas.fechaCita, '%d-%m-%Y') as 'Fecha',  citas.horaCita as 'Hora', concat(concat(clientes.nombreCliente, ' '), clientes.apellidosCliente) as 'Nombre Clientes'
from citas 
	join clientes on citas.idClienteFK = clientes.idCliente
order by DATE_FORMAT(citas.fechaCita, '%Y'), DATE_FORMAT(citas.fechaCita, '%m'), DATE_FORMAT(citas.fechaCita, '%d');]
[01/06/2021 13:52:14][admin][Acceso a Aplicación]
[01/06/2021 13:52:14][admin][select idCita as "Id", date_format(fechaCita, "%d/%m/%Y") as "Fecha", horaCita as "Hora", concat(clientes.nombreCliente, concat(" ", clientes.apellidosCliente)) as "Nombre Cliente" 
from citas join clientes on citas.idClienteFK = clientes.idCliente;]
[01/06/2021 13:55:21][admin][Acceso a Aplicación]
[01/06/2021 13:55:21][admin][select idCita as "Id", date_format(fechaCita, "%d/%m/%Y") as "Fecha", horaCita as "Hora", concat(clientes.nombreCliente, concat(" ", clientes.apellidosCliente)) as "Nombre Cliente" 
from citas join clientes on citas.idClienteFK = clientes.idCliente;]
[01/06/2021 13:56:00][admin][Acceso a Aplicación]
[01/06/2021 13:56:00][admin][select idCita as "Id", date_format(fechaCita, "%d/%m/%Y") as "Fecha", horaCita as "Hora", concat(clientes.nombreCliente, concat(" ", clientes.apellidosCliente)) as "Nombre Cliente" 
from citas join clientes on citas.idClienteFK = clientes.idCliente;]
[01/06/2021 13:56:27][admin][Acceso a Aplicación]
[01/06/2021 13:56:27][admin][select idCita as "Id", date_format(fechaCita, "%d/%m/%Y") as "Fecha", horaCita as "Hora", concat(clientes.nombreCliente, concat(" ", clientes.apellidosCliente)) as "Nombre Cliente" 
from citas join clientes on citas.idClienteFK = clientes.idCliente;]
[01/06/2021 13:56:50][admin][Acceso a Aplicación]
[01/06/2021 13:56:50][admin][select idCita as "Id", date_format(fechaCita, "%d/%m/%Y") as "Fecha", horaCita as "Hora", concat(clientes.nombreCliente, concat(" ", clientes.apellidosCliente)) as "Nombre Cliente" 
from citas join clientes on citas.idClienteFK = clientes.idCliente;]
[01/06/2021 13:58:12][admin][Acceso a Aplicación]
[01/06/2021 13:58:12][admin][select idCita as "Id", date_format(fechaCita, "%d/%m/%Y") as "Fecha", horaCita as "Hora", concat(clientes.nombreCliente, concat(" ", clientes.apellidosCliente)) as "Nombre Cliente" 
from citas join clientes on citas.idClienteFK = clientes.idCliente;]
[01/06/2021 14:01:58][admin][Acceso a Aplicación]
[01/06/2021 14:01:58][admin][select idCita as "Id", date_format(fechaCita, "%d/%m/%Y") as "Fecha", horaCita as "Hora", concat(clientes.nombreCliente, concat(" ", clientes.apellidosCliente)) as "Nombre Cliente" 
from citas join clientes on citas.idClienteFK = clientes.idCliente;]
[01/06/2021 14:02:36][admin][Acceso a Aplicación]
[01/06/2021 14:02:36][admin][select idCita as "Id", date_format(fechaCita, "%d/%m/%Y") as "Fecha", horaCita as "Hora", concat(clientes.nombreCliente, concat(" ", clientes.apellidosCliente)) as "Nombre Cliente" 
from citas join clientes on citas.idClienteFK = clientes.idCliente;]
[01/06/2021 14:03:46][admin][Acceso a Aplicación]
[01/06/2021 14:03:46][admin][select idCita as "Id", date_format(fechaCita, "%d/%m/%Y") as "Fecha", horaCita as "Hora", concat(clientes.nombreCliente, concat(" ", clientes.apellidosCliente)) as "Nombre Cliente" 
from citas join clientes on citas.idClienteFK = clientes.idCliente;]
[01/06/2021 14:04:22][admin][Acceso a Aplicación]
[01/06/2021 14:04:22][admin][select idCita as "Id", date_format(fechaCita, "%d/%m/%Y") as "Fecha", horaCita as "Hora", concat(clientes.nombreCliente, concat(" ", clientes.apellidosCliente)) as "Nombre Cliente" 
from citas join clientes on citas.idClienteFK = clientes.idCliente;]
[01/06/2021 14:04:41][admin][Acceso a Aplicación]
[01/06/2021 14:04:41][admin][select idCita as "Id", date_format(fechaCita, "%d/%m/%Y") as "Fecha", horaCita as "Hora", concat(clientes.nombreCliente, concat(" ", clientes.apellidosCliente)) as "Nombre Cliente" 
from citas join clientes on citas.idClienteFK = clientes.idCliente;]
[01/06/2021 14:05:04][admin][Acceso a Aplicación]
[01/06/2021 14:05:04][admin][select idCita as "Id", date_format(fechaCita, "%d/%m/%Y") as "Fecha", horaCita as "Hora", concat(clientes.nombreCliente, concat(" ", clientes.apellidosCliente)) as "Nombre Cliente" 
from citas join clientes on citas.idClienteFK = clientes.idCliente;]
[01/06/2021 14:05:37][admin][Acceso a Aplicación]
[01/06/2021 14:05:37][admin][select idCita as "Id", date_format(fechaCita, "%d/%m/%Y") as "Fecha", horaCita as "Hora", concat(clientes.nombreCliente, concat(" ", clientes.apellidosCliente)) as "Nombre Cliente" 
from citas join clientes on citas.idClienteFK = clientes.idCliente;]
[01/06/2021 14:05:54][admin][Acceso a Aplicación]
[01/06/2021 14:05:54][admin][select idCita as "Id", date_format(fechaCita, "%d/%m/%Y") as "Fecha", horaCita as "Hora", concat(clientes.nombreCliente, concat(" ", clientes.apellidosCliente)) as "Nombre Cliente" 
from citas join clientes on citas.idClienteFK = clientes.idCliente;]
[01/06/2021 18:23:41][admin][Acceso a Aplicación]
[01/06/2021 18:23:41][admin][select idCita as "Id", date_format(fechaCita, "%d/%m/%Y") as "Fecha", horaCita as "Hora", concat(clientes.nombreCliente, concat(" ", clientes.apellidosCliente)) as "Nombre Cliente" 
from citas join clientes on citas.idClienteFK = clientes.idCliente;]
[01/06/2021 18:26:50][admin][Acceso a Aplicación]
[01/06/2021 18:26:50][admin][select idCita as "Id", date_format(fechaCita, "%d/%m/%Y") as "Fecha", horaCita as "Hora", concat(clientes.nombreCliente, concat(" ", clientes.apellidosCliente)) as "Nombre Cliente" 
from citas join clientes on citas.idClienteFK = clientes.idCliente;]
[01/06/2021 18:29:08][admin][Acceso a Aplicación]
[01/06/2021 18:29:08][admin][select idCita as "Id", date_format(fechaCita, "%d/%m/%Y") as "Fecha", horaCita as "Hora", concat(clientes.nombreCliente, concat(" ", clientes.apellidosCliente)) as "Nombre Cliente" 
from citas join clientes on citas.idClienteFK = clientes.idCliente;]
[01/06/2021 18:31:18][admin][Acceso a Aplicación]
[01/06/2021 18:31:18][admin][select idCita as "Id", date_format(fechaCita, "%d/%m/%Y") as "Fecha", horaCita as "Hora", concat(clientes.nombreCliente, concat(" ", clientes.apellidosCliente)) as "Nombre Cliente" 
from citas join clientes on citas.idClienteFK = clientes.idCliente;]
[02/06/2021 13:29:22][admin][Acceso a Aplicación]
[02/06/2021 13:29:22][admin][select idCita as "Id", date_format(fechaCita, "%d/%m/%Y") as "Fecha", horaCita as "Hora", concat(clientes.nombreCliente, concat(" ", clientes.apellidosCliente)) as "Nombre Cliente" 
from citas join clientes on citas.idClienteFK = clientes.idCliente;]
[02/06/2021 13:29:26][admin][SELECT tratamiento_citas.idTratamiento_Cita as 'Id', concat(concat('[ ', date_format(citas.fechaCita, '%d-%m-%Y')),' ', citas.horaCita, ' ]') as 'Fecha y Hora Cita', tratamientos.nombreTratamiento as 'Nombre Tratamiento'
 FROM tratamiento_citas
join citas on tratamiento_citas.idCitaFk = citas.idCita
join tratamientos on tratamiento_citas.idTratamientoFK = tratamientos.idTratamiento
order by DATE_FORMAT(citas.fechaCita, '%Y'), DATE_FORMAT(citas.fechaCita, '%m'), DATE_FORMAT(citas.fechaCita, '%d'),id;]
[02/06/2021 13:31:50][admin][Acceso a Aplicación]
[02/06/2021 13:31:50][admin][select idCita as "Id", date_format(fechaCita, "%d/%m/%Y") as "Fecha", horaCita as "Hora", concat(clientes.nombreCliente, concat(" ", clientes.apellidosCliente)) as "Nombre Cliente" 
from citas join clientes on citas.idClienteFK = clientes.idCliente;]
[02/06/2021 13:31:52][admin][SELECT tratamiento_citas.idTratamiento_Cita as 'Id', concat(concat('[ ', date_format(citas.fechaCita, '%d-%m-%Y')),' ', citas.horaCita, ' ]') as 'Fecha y Hora Cita', tratamientos.nombreTratamiento as 'Nombre Tratamiento'
 FROM tratamiento_citas
join citas on tratamiento_citas.idCitaFk = citas.idCita
join tratamientos on tratamiento_citas.idTratamientoFK = tratamientos.idTratamiento
order by DATE_FORMAT(citas.fechaCita, '%Y'), DATE_FORMAT(citas.fechaCita, '%m'), DATE_FORMAT(citas.fechaCita, '%d'),id;]
[02/06/2021 13:31:53][admin][SELECT tratamiento_citas.idTratamiento_Cita as 'Id', concat(concat('[ ', date_format(citas.fechaCita, '%d-%m-%Y')),' ', citas.horaCita, ' ]') as 'Fecha y Hora Cita', tratamientos.nombreTratamiento as 'Nombre Tratamiento'
 FROM tratamiento_citas
join citas on tratamiento_citas.idCitaFk = citas.idCita
join tratamientos on tratamiento_citas.idTratamientoFK = tratamientos.idTratamiento
order by DATE_FORMAT(citas.fechaCita, '%Y'), DATE_FORMAT(citas.fechaCita, '%m'), DATE_FORMAT(citas.fechaCita, '%d'),id;]
[02/06/2021 13:31:53][admin][Generacion PDF citas]
[02/06/2021 13:32:51][admin][Acceso a Aplicación]
[02/06/2021 13:32:51][admin][select idCita as "Id", date_format(fechaCita, "%d/%m/%Y") as "Fecha", horaCita as "Hora", concat(clientes.nombreCliente, concat(" ", clientes.apellidosCliente)) as "Nombre Cliente" 
from citas join clientes on citas.idClienteFK = clientes.idCliente;]
[02/06/2021 13:32:52][admin][SELECT tratamiento_citas.idTratamiento_Cita as 'Id', concat(concat('[ ', date_format(citas.fechaCita, '%d-%m-%Y')),' ', citas.horaCita, ' ]') as 'Fecha y Hora Cita', tratamientos.nombreTratamiento as 'Nombre Tratamiento'
 FROM tratamiento_citas
join citas on tratamiento_citas.idCitaFk = citas.idCita
join tratamientos on tratamiento_citas.idTratamientoFK = tratamientos.idTratamiento
order by DATE_FORMAT(citas.fechaCita, '%Y'), DATE_FORMAT(citas.fechaCita, '%m'), DATE_FORMAT(citas.fechaCita, '%d'),id;]
[02/06/2021 13:32:54][admin][SELECT tratamiento_citas.idTratamiento_Cita as 'Id', concat(concat('[ ', date_format(citas.fechaCita, '%d-%m-%Y')),' ', citas.horaCita, ' ]') as 'Fecha y Hora Cita', tratamientos.nombreTratamiento as 'Nombre Tratamiento'
 FROM tratamiento_citas
join citas on tratamiento_citas.idCitaFk = citas.idCita
join tratamientos on tratamiento_citas.idTratamientoFK = tratamientos.idTratamiento
order by DATE_FORMAT(citas.fechaCita, '%Y'), DATE_FORMAT(citas.fechaCita, '%m'), DATE_FORMAT(citas.fechaCita, '%d'),id;]
[02/06/2021 13:32:54][admin][Generacion PDF citas]
[02/06/2021 13:33:47][admin][Acceso a Aplicación]
[02/06/2021 13:33:47][admin][select idCita as "Id", date_format(fechaCita, "%d/%m/%Y") as "Fecha", horaCita as "Hora", concat(clientes.nombreCliente, concat(" ", clientes.apellidosCliente)) as "Nombre Cliente" 
from citas join clientes on citas.idClienteFK = clientes.idCliente;]
[02/06/2021 13:33:49][admin][SELECT tratamiento_citas.idTratamiento_Cita as 'Id', concat(concat('[ ', date_format(citas.fechaCita, '%d-%m-%Y')),' ', citas.horaCita, ' ]') as 'Fecha y Hora Cita', tratamientos.nombreTratamiento as 'Nombre Tratamiento'
 FROM tratamiento_citas
join citas on tratamiento_citas.idCitaFk = citas.idCita
join tratamientos on tratamiento_citas.idTratamientoFK = tratamientos.idTratamiento
order by DATE_FORMAT(citas.fechaCita, '%Y'), DATE_FORMAT(citas.fechaCita, '%m'), DATE_FORMAT(citas.fechaCita, '%d'),id;]
[02/06/2021 13:33:50][admin][SELECT tratamiento_citas.idTratamiento_Cita as 'Id', concat(concat('[ ', date_format(citas.fechaCita, '%d-%m-%Y')),' ', citas.horaCita, ' ]') as 'Fecha y Hora Cita', tratamientos.nombreTratamiento as 'Nombre Tratamiento'
 FROM tratamiento_citas
join citas on tratamiento_citas.idCitaFk = citas.idCita
join tratamientos on tratamiento_citas.idTratamientoFK = tratamientos.idTratamiento
order by DATE_FORMAT(citas.fechaCita, '%Y'), DATE_FORMAT(citas.fechaCita, '%m'), DATE_FORMAT(citas.fechaCita, '%d'),id;]
[02/06/2021 13:33:50][admin][Generacion PDF Asignaciones a Citas]
[02/06/2021 13:34:04][admin][select citas.idCita, date_format(citas.fechaCita, '%d-%m-%Y') as 'Fecha',  citas.horaCita as 'Hora', concat(concat(clientes.nombreCliente, ' '), clientes.apellidosCliente) as 'Nombre Clientes'
from citas 
	join clientes on citas.idClienteFK = clientes.idCliente
order by DATE_FORMAT(citas.fechaCita, '%Y'), DATE_FORMAT(citas.fechaCita, '%m'), DATE_FORMAT(citas.fechaCita, '%d');]
[02/06/2021 13:34:05][admin][select citas.idCita as id, date_format(citas.fechaCita, '%d-%m-%Y') as 'Fecha',  citas.horaCita as 'Hora', concat(concat(clientes.nombreCliente, ' '), clientes.apellidosCliente) as 'Nombre Clientes'
from citas 
	join clientes on citas.idClienteFK = clientes.idCliente
order by DATE_FORMAT(citas.fechaCita, '%Y'), DATE_FORMAT(citas.fechaCita, '%m'), DATE_FORMAT(citas.fechaCita, '%d'), id;]
[02/06/2021 13:34:05][admin][Generacion PDF citas]
[02/06/2021 13:55:06][admin][Acceso a Aplicación]
[02/06/2021 13:55:06][admin][select idCita as "Id", date_format(fechaCita, "%d/%m/%Y") as "Fecha", horaCita as "Hora", concat(clientes.nombreCliente, concat(" ", clientes.apellidosCliente)) as "Nombre Cliente" 
from citas join clientes on citas.idClienteFK = clientes.idCliente;]
[02/06/2021 17:12:23][admin][Acceso a Aplicación]
[02/06/2021 17:12:23][admin][select idCita as "Id", date_format(fechaCita, "%d/%m/%Y") as "Fecha", horaCita as "Hora", concat(clientes.nombreCliente, concat(" ", clientes.apellidosCliente)) as "Nombre Cliente" 
from citas join clientes on citas.idClienteFK = clientes.idCliente;]
[02/06/2021 17:13:53][admin][Acceso a Aplicación]
[02/06/2021 17:13:53][admin][select idCita as "Id", date_format(fechaCita, "%d/%m/%Y") as "Fecha", horaCita as "Hora", concat(clientes.nombreCliente, concat(" ", clientes.apellidosCliente)) as "Nombre Cliente" 
from citas join clientes on citas.idClienteFK = clientes.idCliente;]
[02/06/2021 17:16:14][admin][Acceso a Aplicación]
[02/06/2021 17:16:14][admin][select idCita as "Id", date_format(fechaCita, "%d/%m/%Y") as "Fecha", horaCita as "Hora", concat(clientes.nombreCliente, concat(" ", clientes.apellidosCliente)) as "Nombre Cliente" 
from citas join clientes on citas.idClienteFK = clientes.idCliente;]
[02/06/2021 17:16:15][admin][select idCita as "Id", date_format(fechaCita, "%d/%m/%Y") as "Fecha", horaCita as "Hora", concat(clientes.nombreCliente, concat(" ", clientes.apellidosCliente)) as "Nombre Cliente" 
from citas join clientes on citas.idClienteFK = clientes.idCliente;]
[02/06/2021 17:16:15][admin][select idCita as "Id", date_format(fechaCita, "%d/%m/%Y") as "Fecha", horaCita as "Hora", concat(clientes.nombreCliente, concat(" ", clientes.apellidosCliente)) as "Nombre Cliente" 
from citas join clientes on citas.idClienteFK = clientes.idCliente;]
[02/06/2021 17:16:17][admin][select idCita as "Id", date_format(fechaCita, "%d/%m/%Y") as "Fecha", horaCita as "Hora", concat(clientes.nombreCliente, concat(" ", clientes.apellidosCliente)) as "Nombre Cliente" 
from citas join clientes on citas.idClienteFK = clientes.idCliente;]
[02/06/2021 17:31:54][admin][Acceso a Aplicación]
[02/06/2021 17:31:54][admin][select idCita as "Id", date_format(fechaCita, "%d/%m/%Y") as "Fecha", horaCita as "Hora", concat(clientes.nombreCliente, concat(" ", clientes.apellidosCliente)) as "Nombre Cliente" 
from citas join clientes on citas.idClienteFK = clientes.idCliente;]
[02/06/2021 17:32:07][admin][DELETE FROM tratamiento_citas WHERE idTratamiento = 14;]
[02/06/2021 17:33:18][admin][Acceso a Aplicación]
[02/06/2021 17:33:18][admin][select idCita as "Id", date_format(fechaCita, "%d/%m/%Y") as "Fecha", horaCita as "Hora", concat(clientes.nombreCliente, concat(" ", clientes.apellidosCliente)) as "Nombre Cliente" 
from citas join clientes on citas.idClienteFK = clientes.idCliente;]
[02/06/2021 17:33:28][admin][DELETE FROM tratamiento_citas WHERE idTratamiento = 14;]
[02/06/2021 17:34:02][admin][Acceso a Aplicación]
[02/06/2021 17:34:02][admin][select idCita as "Id", date_format(fechaCita, "%d/%m/%Y") as "Fecha", horaCita as "Hora", concat(clientes.nombreCliente, concat(" ", clientes.apellidosCliente)) as "Nombre Cliente" 
from citas join clientes on citas.idClienteFK = clientes.idCliente;]
[02/06/2021 17:34:09][admin][DELETE FROM tratamiento_citas WHERE idTratamiento_Cita = 14;]
[02/06/2021 17:34:23][admin][select idCita as "Id", date_format(fechaCita, "%d/%m/%Y") as "Fecha", horaCita as "Hora", concat(clientes.nombreCliente, concat(" ", clientes.apellidosCliente)) as "Nombre Cliente" 
from citas join clientes on citas.idClienteFK = clientes.idCliente;]
[02/06/2021 17:40:16][admin][Acceso a Aplicación]
[02/06/2021 17:40:17][admin][select idCita as "Id", date_format(fechaCita, "%d/%m/%Y") as "Fecha", horaCita as "Hora", concat(clientes.nombreCliente, concat(" ", clientes.apellidosCliente)) as "Nombre Cliente" 
from citas join clientes on citas.idClienteFK = clientes.idCliente;]
[02/06/2021 17:40:19][admin][SELECT tratamiento_citas.idTratamiento_Cita as 'Id', concat(concat('[ ', date_format(citas.fechaCita, '%d-%m-%Y')),' ', citas.horaCita, ' ]') as 'Fecha y Hora Cita', tratamientos.nombreTratamiento as 'Nombre Tratamiento'
 FROM tratamiento_citas
join citas on tratamiento_citas.idCitaFk = citas.idCita
join tratamientos on tratamiento_citas.idTratamientoFK = tratamientos.idTratamiento
order by DATE_FORMAT(citas.fechaCita, '%Y'), DATE_FORMAT(citas.fechaCita, '%m'), DATE_FORMAT(citas.fechaCita, '%d'),id;]
[02/06/2021 17:41:11][admin][Acceso a Aplicación]
[02/06/2021 17:41:12][admin][select idCita as "Id", date_format(fechaCita, "%d/%m/%Y") as "Fecha", horaCita as "Hora", concat(clientes.nombreCliente, concat(" ", clientes.apellidosCliente)) as "Nombre Cliente" 
from citas join clientes on citas.idClienteFK = clientes.idCliente;]
[02/06/2021 17:44:31][admin][SELECT tratamiento_citas.idTratamiento_Cita as 'Id', concat(concat('[ ', date_format(citas.fechaCita, '%d-%m-%Y')),' ', citas.horaCita, ' ]') as 'Fecha y Hora Cita', tratamientos.nombreTratamiento as 'Nombre Tratamiento'
 FROM tratamiento_citas
join citas on tratamiento_citas.idCitaFk = citas.idCita
join tratamientos on tratamiento_citas.idTratamientoFK = tratamientos.idTratamiento
order by DATE_FORMAT(citas.fechaCita, '%Y'), DATE_FORMAT(citas.fechaCita, '%m'), DATE_FORMAT(citas.fechaCita, '%d'),id;]
[02/06/2021 18:17:22][admin][Acceso a Aplicación]
[02/06/2021 18:17:22][admin][select idCita as "Id", date_format(fechaCita, "%d/%m/%Y") as "Fecha", horaCita as "Hora", concat(clientes.nombreCliente, concat(" ", clientes.apellidosCliente)) as "Nombre Cliente" 
from citas join clientes on citas.idClienteFK = clientes.idCliente;]
[02/06/2021 20:28:59][null][UPDATE clientes SET fechaCita = '2020-01-01',horaCita = 17:00, idClienteFK = 5 WHERE idCliente = 12]
[02/06/2021 20:35:46][null][UPDATE citas SET fechaCita = '2020-01-01',horaCita = 17:00, idClienteFK = 1 WHERE idCliente = 12]
[02/06/2021 20:36:16][null][UPDATE citas SET fechaCita = '2020-01-01',horaCita = 17:00, idClienteFK = 1 WHERE idCita = 12]
[02/06/2021 20:37:01][null][UPDATE citas SET fechaCita = '2020-01-01',horaCita = '17:00', idClienteFK = 1 WHERE idCita = 12]
[03/06/2021 12:23:11][admin][Acceso a Aplicación]
[03/06/2021 12:23:11][admin][select idCita as "Id", date_format(fechaCita, "%d/%m/%Y") as "Fecha", horaCita as "Hora", concat(clientes.nombreCliente, concat(" ", clientes.apellidosCliente)) as "Nombre Cliente" 
from citas join clientes on citas.idClienteFK = clientes.idCliente;]
[03/06/2021 12:25:00][admin][Acceso a Aplicación]
[03/06/2021 12:25:00][admin][select idCita as "Id", date_format(fechaCita, "%d/%m/%Y") as "Fecha", horaCita as "Hora", concat(clientes.nombreCliente, concat(" ", clientes.apellidosCliente)) as "Nombre Cliente" 
from citas join clientes on citas.idClienteFK = clientes.idCliente;]
[03/06/2021 12:25:36][admin][UPDATE citas SET fechaCita = '2020-01-08',horaCita = '17:00', idClienteFK = 1 WHERE idCita = 25]
[03/06/2021 12:25:45][admin][select citas.idCita, date_format(citas.fechaCita, '%d/%m/%Y') as 'Fecha',  citas.horaCita as 'Hora', concat(concat(clientes.nombreCliente, ' '), clientes.apellidosCliente) as 'Nombre Clientes'
from citas 
	join clientes on citas.idClienteFK = clientes.idCliente
order by DATE_FORMAT(citas.fechaCita, '%Y'), DATE_FORMAT(citas.fechaCita, '%m'), DATE_FORMAT(citas.fechaCita, '%d');]
[03/06/2021 22:21:58][null][update tratamiento_citas set idCitaFK = 27, idTratamientoFK = 3
where idTratamiento_Cita = java.awt.TextField[textfield0,70,36,59x23,text=3,selection=0-0];]
[03/06/2021 22:22:56][null][update tratamiento_citas set idCitaFK = 27, idTratamientoFK = 3
where idTratamiento_Cita = java.awt.TextField[textfield0,70,36,59x23,text=3,selection=0-0];]
[03/06/2021 22:24:19][null][update tratamiento_citas set idCitaFK = 27, idTratamientoFK = 4
where idTratamiento_Cita = 3;]
[03/06/2021 22:26:16][admin][Acceso a Aplicación]
[03/06/2021 22:26:16][admin][select idCita as "Id", date_format(fechaCita, "%d/%m/%Y") as "Fecha", horaCita as "Hora", concat(clientes.nombreCliente, concat(" ", clientes.apellidosCliente)) as "Nombre Cliente" 
from citas join clientes on citas.idClienteFK = clientes.idCliente;]
[03/06/2021 22:28:22][admin][Acceso a Aplicación]
[03/06/2021 22:28:22][admin][select idCita as "Id", date_format(fechaCita, "%d/%m/%Y") as "Fecha", horaCita as "Hora", concat(clientes.nombreCliente, concat(" ", clientes.apellidosCliente)) as "Nombre Cliente" 
from citas join clientes on citas.idClienteFK = clientes.idCliente;]
[03/06/2021 22:28:40][admin][update tratamiento_citas set idCitaFK = 14, idTratamientoFK = 3
where idTratamiento_Cita = 4;]
[03/06/2021 22:30:28][admin][update tratamiento_citas set idCitaFK = 2, idTratamientoFK = 2
where idTratamiento_Cita = 4;]
[04/06/2021 12:34:33][admin][Acceso a Aplicación]
[04/06/2021 12:34:34][admin][select idCita as "Id", date_format(fechaCita, "%d/%m/%Y") as "Fecha", horaCita as "Hora", concat(clientes.nombreCliente, concat(" ", clientes.apellidosCliente)) as "Nombre Cliente" 
from citas join clientes on citas.idClienteFK = clientes.idCliente;]
[04/06/2021 12:38:28][basico][Acceso a Aplicación]
[04/06/2021 12:38:28][basico][select idCita as "Id", date_format(fechaCita, "%d/%m/%Y") as "Fecha", horaCita as "Hora", concat(clientes.nombreCliente, concat(" ", clientes.apellidosCliente)) as "Nombre Cliente" 
from citas join clientes on citas.idClienteFK = clientes.idCliente;]
[04/06/2021 12:53:54][admin][Acceso a Aplicación]
[04/06/2021 12:53:54][admin][select idCita as "Id", date_format(fechaCita, "%d/%m/%Y") as "Fecha", horaCita as "Hora", concat(clientes.nombreCliente, concat(" ", clientes.apellidosCliente)) as "Nombre Cliente" 
from citas join clientes on citas.idClienteFK = clientes.idCliente;]
[04/06/2021 13:13:04][admin][SELECT * FROM clientes;]
[04/06/2021 13:13:09][admin][SELECT * FROM clientes;]
[04/06/2021 13:13:09][admin][Generacion PDF clientes]
[04/06/2021 13:20:52][admin][SELECT * FROM tratamientos;]
[04/06/2021 13:20:55][admin][SELECT * FROM tratamientos;]
[04/06/2021 13:20:55][admin][Generacion PDF tratamientos]
[04/06/2021 13:34:30][admin][DELETE FROM citas WHERE idCita = 29;]
[04/06/2021 13:39:15][admin][Acceso a Aplicación]
[04/06/2021 13:39:15][admin][select idCita as "Id", date_format(fechaCita, "%d/%m/%Y") as "Fecha", horaCita as "Hora", concat(clientes.nombreCliente, concat(" ", clientes.apellidosCliente)) as "Nombre Cliente" 
from citas join clientes on citas.idClienteFK = clientes.idCliente;]
[04/06/2021 13:46:10][admin][Acceso a Aplicación]
[04/06/2021 13:46:10][admin][select idCita as "Id", date_format(fechaCita, "%d/%m/%Y") as "Fecha", horaCita as "Hora", concat(clientes.nombreCliente, concat(" ", clientes.apellidosCliente)) as "Nombre Cliente" 
from citas join clientes on citas.idClienteFK = clientes.idCliente;]
[04/06/2021 13:50:02][admin][Acceso a Aplicación]
[04/06/2021 13:50:02][admin][select idCita as "Id", date_format(fechaCita, "%d/%m/%Y") as "Fecha", horaCita as "Hora", concat(clientes.nombreCliente, concat(" ", clientes.apellidosCliente)) as "Nombre Cliente" 
from citas join clientes on citas.idClienteFK = clientes.idCliente;]
[04/06/2021 13:58:07][admin][UPDATE citas SET fechaCita = '2021-10-26',horaCita = '11:00', idClienteFK = 23 WHERE idCita = 28]
[04/06/2021 14:05:03][admin][Acceso a Aplicación]
[04/06/2021 14:05:03][admin][select idCita as "Id", date_format(fechaCita, "%d/%m/%Y") as "Fecha", horaCita as "Hora", concat(clientes.nombreCliente, concat(" ", clientes.apellidosCliente)) as "Nombre Cliente" 
from citas join clientes on citas.idClienteFK = clientes.idCliente;]
[04/06/2021 14:05:05][admin][select citas.idCita, date_format(citas.fechaCita, '%d/%m/%Y') as 'Fecha',  citas.horaCita as 'Hora', concat(concat(clientes.nombreCliente, ' '), clientes.apellidosCliente) as 'Nombre Clientes'
from citas 
	join clientes on citas.idClienteFK = clientes.idCliente
order by DATE_FORMAT(citas.fechaCita, '%Y'), DATE_FORMAT(citas.fechaCita, '%m'), DATE_FORMAT(citas.fechaCita, '%d');]
[04/06/2021 14:07:18][admin][select citas.idCita as id, date_format(citas.fechaCita, '%d/%m/%Y') as 'Fecha',  citas.horaCita as 'Hora', concat(concat(clientes.nombreCliente, ' '), clientes.apellidosCliente) as 'Nombre Clientes'
from citas 
	join clientes on citas.idClienteFK = clientes.idCliente
order by DATE_FORMAT(citas.fechaCita, '%Y'), DATE_FORMAT(citas.fechaCita, '%m'), DATE_FORMAT(citas.fechaCita, '%d'), id;]
[04/06/2021 14:07:18][admin][Generacion PDF citas]
[04/06/2021 14:22:28][admin][Acceso a Aplicación]
[04/06/2021 14:22:28][admin][select idCita as "Id", date_format(fechaCita, "%d/%m/%Y") as "Fecha", horaCita as "Hora", concat(clientes.nombreCliente, concat(" ", clientes.apellidosCliente)) as "Nombre Cliente" 
from citas join clientes on citas.idClienteFK = clientes.idCliente;]
[04/06/2021 14:25:32][admin][DELETE FROM tratamiento_citas WHERE idTratamiento_Cita = 26;]
[04/06/2021 14:44:25][admin][Acceso a Aplicación]
[04/06/2021 14:44:25][admin][select idCita as "Id", date_format(fechaCita, "%d/%m/%Y") as "Fecha", horaCita as "Hora", concat(clientes.nombreCliente, concat(" ", clientes.apellidosCliente)) as "Nombre Cliente" 
from citas join clientes on citas.idClienteFK = clientes.idCliente;]
[04/06/2021 14:44:28][admin][SELECT tratamiento_citas.idTratamiento_Cita as 'Id', concat(concat('[ ', date_format(citas.fechaCita, '%d/%m/%Y')),' ', citas.horaCita, ' ]') as 'Fecha y Hora Cita', tratamientos.nombreTratamiento as 'Nombre Tratamiento'
 FROM tratamiento_citas
join citas on tratamiento_citas.idCitaFk = citas.idCita
join tratamientos on tratamiento_citas.idTratamientoFK = tratamientos.idTratamiento
order by DATE_FORMAT(citas.fechaCita, '%Y'), DATE_FORMAT(citas.fechaCita, '%m'), DATE_FORMAT(citas.fechaCita, '%d'),id;]
[04/06/2021 14:45:45][admin][Acceso a Aplicación]
[04/06/2021 14:45:45][admin][select idCita as "Id", date_format(fechaCita, "%d/%m/%Y") as "Fecha", horaCita as "Hora", concat(clientes.nombreCliente, concat(" ", clientes.apellidosCliente)) as "Nombre Cliente" 
from citas join clientes on citas.idClienteFK = clientes.idCliente;]
[04/06/2021 14:45:47][admin][SELECT tratamiento_citas.idTratamiento_Cita as 'Id', concat(concat('[ ', date_format(citas.fechaCita, '%d/%m/%Y')),' ', citas.horaCita, ' ]') as 'Fecha y Hora Cita', tratamientos.nombreTratamiento as 'Nombre Tratamiento'
 FROM tratamiento_citas
join citas on tratamiento_citas.idCitaFk = citas.idCita
join tratamientos on tratamiento_citas.idTratamientoFK = tratamientos.idTratamiento
order by DATE_FORMAT(citas.fechaCita, '%Y'), DATE_FORMAT(citas.fechaCita, '%m'), DATE_FORMAT(citas.fechaCita, '%d'),id;]
[04/06/2021 15:40:33][admin][Acceso a Aplicación]
[04/06/2021 15:40:33][admin][select idCita as "Id", date_format(fechaCita, "%d/%m/%Y") as "Fecha", horaCita as "Hora", concat(clientes.nombreCliente, concat(" ", clientes.apellidosCliente)) as "Nombre Cliente" 
from citas join clientes on citas.idClienteFK = clientes.idCliente;]
[04/06/2021 15:41:14][admin][Acceso a Aplicación]
[04/06/2021 15:41:15][admin][select idCita as "Id", date_format(fechaCita, "%d/%m/%Y") as "Fecha", horaCita as "Hora", concat(clientes.nombreCliente, concat(" ", clientes.apellidosCliente)) as "Nombre Cliente" 
from citas join clientes on citas.idClienteFK = clientes.idCliente;]
[04/06/2021 15:42:43][admin][Acceso a Aplicación]
[04/06/2021 15:42:43][admin][select idCita as "Id", date_format(fechaCita, "%d/%m/%Y") as "Fecha", horaCita as "Hora", concat(clientes.nombreCliente, concat(" ", clientes.apellidosCliente)) as "Nombre Cliente" 
from citas join clientes on citas.idClienteFK = clientes.idCliente;]
[04/06/2021 15:42:59][admin ][Acceso a Aplicación]
[04/06/2021 15:42:59][admin ][select idCita as "Id", date_format(fechaCita, "%d/%m/%Y") as "Fecha", horaCita as "Hora", concat(clientes.nombreCliente, concat(" ", clientes.apellidosCliente)) as "Nombre Cliente" 
from citas join clientes on citas.idClienteFK = clientes.idCliente;]
[04/06/2021 15:43:00][admin ][Acceso a Aplicación]
[04/06/2021 15:43:00][admin ][select idCita as "Id", date_format(fechaCita, "%d/%m/%Y") as "Fecha", horaCita as "Hora", concat(clientes.nombreCliente, concat(" ", clientes.apellidosCliente)) as "Nombre Cliente" 
from citas join clientes on citas.idClienteFK = clientes.idCliente;]
[04/06/2021 15:43:08][admin][Acceso a Aplicación]
[04/06/2021 15:43:08][admin][select idCita as "Id", date_format(fechaCita, "%d/%m/%Y") as "Fecha", horaCita as "Hora", concat(clientes.nombreCliente, concat(" ", clientes.apellidosCliente)) as "Nombre Cliente" 
from citas join clientes on citas.idClienteFK = clientes.idCliente;]
[04/06/2021 15:45:34][admin][update tratamiento_citas set idCitaFK = 28, idTratamientoFK = 4
where idTratamiento_Cita = 24;]
[04/06/2021 15:51:22][admin][Acceso a Aplicación]
[04/06/2021 15:51:22][admin][select idCita as "Id", date_format(fechaCita, "%d/%m/%Y") as "Fecha", horaCita as "Hora", concat(clientes.nombreCliente, concat(" ", clientes.apellidosCliente)) as "Nombre Cliente" 
from citas join clientes on citas.idClienteFK = clientes.idCliente;]
[04/06/2021 15:52:46][admin][update tratamiento_citas set idCitaFK = 28, idTratamientoFK = 4
where idTratamiento_Cita = 24;]
[04/06/2021 16:00:41][admin][Acceso a Aplicación]
[04/06/2021 16:00:41][admin][select idCita as "Id", date_format(fechaCita, "%d/%m/%Y") as "Fecha", horaCita as "Hora", concat(clientes.nombreCliente, concat(" ", clientes.apellidosCliente)) as "Nombre Cliente" 
from citas join clientes on citas.idClienteFK = clientes.idCliente;]
[04/06/2021 16:00:43][admin][SELECT tratamiento_citas.idTratamiento_Cita as 'Id', concat(concat('[ ', date_format(citas.fechaCita, '%d/%m/%Y')),' ', citas.horaCita, ' ]') as 'Fecha y Hora Cita', tratamientos.nombreTratamiento as 'Nombre Tratamiento'
 FROM tratamiento_citas
join citas on tratamiento_citas.idCitaFk = citas.idCita
join tratamientos on tratamiento_citas.idTratamientoFK = tratamientos.idTratamiento
order by DATE_FORMAT(citas.fechaCita, '%Y'), DATE_FORMAT(citas.fechaCita, '%m'), DATE_FORMAT(citas.fechaCita, '%d'),id;]
[04/06/2021 16:02:27][admin][SELECT tratamiento_citas.idTratamiento_Cita as 'Id', concat(concat('[ ', date_format(citas.fechaCita, '%d/%m/%Y')),' ', citas.horaCita, ' ]') as 'Fecha y Hora Cita', tratamientos.nombreTratamiento as 'Nombre Tratamiento'
 FROM tratamiento_citas
join citas on tratamiento_citas.idCitaFk = citas.idCita
join tratamientos on tratamiento_citas.idTratamientoFK = tratamientos.idTratamiento
order by DATE_FORMAT(citas.fechaCita, '%Y'), DATE_FORMAT(citas.fechaCita, '%m'), DATE_FORMAT(citas.fechaCita, '%d'),id;]
[04/06/2021 16:02:27][admin][Generacion PDF Asignaciones a Citas]
